<html>
<head>
<title>TestNG:  findAllLinks</title>
<link href="../testng.css" rel="stylesheet" type="text/css" />
<link href="../my-testng.css" rel="stylesheet" type="text/css" />

<style type="text/css">
.log { display: none;} 
.stack-trace { display: none;} 
</style>
<script type="text/javascript">
<!--
function flip(e) {
  current = e.style.display;
  if (current == 'block') {
    e.style.display = 'none';
    return 0;
  }
  else {
    e.style.display = 'block';
    return 1;
  }
}

function toggleBox(szDivId, elem, msg1, msg2)
{
  var res = -1;  if (document.getElementById) {
    res = flip(document.getElementById(szDivId));
  }
  else if (document.all) {
    // this is the way old msie versions work
    res = flip(document.all[szDivId]);
  }
  if(elem) {
    if(res == 0) elem.innerHTML = msg1; else elem.innerHTML = msg2;
  }

}

function toggleAllBoxes() {
  if (document.getElementsByTagName) {
    d = document.getElementsByTagName('div');
    for (i = 0; i < d.length; i++) {
      if (d[i].className == 'log') {
        flip(d[i]);
      }
    }
  }
}

// -->
</script>

</head>
<body>
<h2 align='center'>findAllLinks</h2><table border='1' align="center">
<tr>
<td>Tests passed/Failed/Skipped:</td><td>0/0/10</td>
</tr><tr>
<td>Started on:</td><td>Sun Sep 03 21:56:14 CEST 2017</td>
</tr>
<tr><td>Total time:</td><td>47 seconds (47936 ms)</td>
</tr><tr>
<td>Included groups:</td><td></td>
</tr><tr>
<td>Excluded groups:</td><td></td>
</tr>
</table><p/>
<small><i>(Hover the method name to see the test class name)</i></small><p/>
<table width='100%' border='1' class='invocation-failed'>
<tr><td colspan='4' align='center'><b>FAILED CONFIGURATIONS</b></td></tr>
<tr><td><b>Test method</b></td>
<td width="30%"><b>Exception</b></td>
<td width="10%"><b>Time (seconds)</b></td>
<td><b>Instance</b></td>
</tr>
<tr>
<td title='Helion4.HelionTest4.beforMethod()'><b>beforMethod</b><br>Test class: Helion4.HelionTest4<br>Parameters: Firefox</td>
<td><div><pre>org.openqa.selenium.WebDriverException: Failed to connect to binary FirefoxBinary(C:\Program Files\Mozilla Firefox\firefox.exe) on port 7055; process output follows: 
ystem-defaults
1504468581767	addons.xpi	DEBUG	Existing add-on firefox@getpocket.com in app-system-defaults
1504468581767	addons.xpi	DEBUG	Existing add-on followonsearch@mozilla.com in app-system-defaults
1504468581768	addons.xpi	DEBUG	Existing add-on screenshots@mozilla.org in app-system-defaults
1504468581768	addons.xpi	DEBUG	Existing add-on shield-recipe-client@mozilla.org in app-system-defaults
1504468581768	addons.xpi	DEBUG	Existing add-on webcompat@mozilla.org in app-system-defaults
1504468581769	addons.xpi	INFO	Mapping {972ce4c6-7e08-4474-a285-3208198ce6fd} to C:\Program Files\Mozilla Firefox\browser\extensions\{972ce4c6-7e08-4474-a285-3208198ce6fd}.xpi
1504468581769	addons.xpi	DEBUG	Existing add-on {972ce4c6-7e08-4474-a285-3208198ce6fd} in app-global
1504468581769	addons.xpi	DEBUG	getInstallState changed: false, state: {}
1504468582156	addons.productaddons	INFO	sending request to: https://aus5.mozilla.org/update/3/GMP/55.0.3/20170824053622/WINNT_x86_64-msvc-x64/pl/release/Windows_NT%206.3.0.0%20(x64)/default/default/update.xml
1504468583663	addons.productaddons	INFO	Completed downloading document
1504468583946	addons.productaddons	INFO	downloadXHR File download. status=200
1504468583951	addons.productaddons	INFO	Downloaded file will be saved to C:\Users\Marzenka\AppData\Local\Temp\tmpaddon
1504468584995	addons.productaddons	INFO	downloadXHR File download. status=200
1504468585009	addons.productaddons	INFO	Downloaded file will be saved to C:\Users\Marzenka\AppData\Local\Temp\tmpaddon
1504468589591	addons.xpi	DEBUG	Calling bootstrap method shutdown on webcompat@mozilla.org version 1.1
1504468589591	addons.xpi	DEBUG	Calling bootstrap method shutdown on shield-recipe-client@mozilla.org version 55.1
1504468589596	addons.xpi	DEBUG	Calling bootstrap method shutdown on screenshots@mozilla.org version 10.12.0
1504468589598	addons.xpi	DEBUG	Calling bootstrap method shutdown on followonsearch@mozilla.com version 0.9.1
1504468589599	addons.xpi	DEBUG	Calling bootstrap method shutdown on firefox@getpocket.com version 1.0.5
1504468589600	addons.xpi	DEBUG	Calling bootstrap method shutdown on e10srollout@mozilla.org version 2.0
1504468589602	addons.xpi	DEBUG	Calling bootstrap method shutdown on clicktoplay-rollout@mozilla.org version 1.2
1504468589602	addons.xpi	DEBUG	Calling bootstrap method shutdown on aushelper@mozilla.org version 2.0
[GPU 6896] WARNING: pipe error: 109: file c:/builds/moz2_slave/m-rel-w64-00000000000000000000/build/src/ipc/chromium/src/chrome/common/ipc_channel_win.cc, line 346
[GPU 6896] WARNING: pipe error: 109: file c:/builds/moz2_slave/m-rel-w64-00000000000000000000/build/src/ipc/chromium/src/chrome/common/ipc_channel_win.cc, line 346
Unable to read VR Path Registry from C:\Users\Marzenka\AppData\Local\openvr\openvrpaths.vrpath
[Child 904] WARNING: pipe error: 109: file c:/builds/moz2_slave/m-rel-w64-00000000000000000000/build/src/ipc/chromium/src/chrome/common/ipc_channel_win.cc, line 346
1504468590137	addons.manager	DEBUG	shutdown
1504468590139	addons.manager	DEBUG	Calling shutdown blocker for XPIProvider
1504468590139	addons.xpi	DEBUG	shutdown
1504468590140	addons.xpi-utils	DEBUG	shutdown
1504468590141	addons.manager	DEBUG	Calling shutdown blocker for LightweightThemeManager
1504468590142	addons.manager	DEBUG	Calling shutdown blocker for GMPProvider
1504468590144	addons.manager	DEBUG	Calling shutdown blocker for PluginProvider
1504468590145	addons.manager	DEBUG	Calling shutdown blocker for PreviousExperimentProvider
1504468590146	addons.manager	DEBUG	Calling shutdown blocker for &lt;unnamed-provider&gt;
1504468590151	addons.xpi	DEBUG	Notifying XPI shutdown observers
1504468590161	addons.manager	DEBUG	Async provider shutdown done
[GPU 6896] WARNING: pipe error: 109: file c:/builds/moz2_slave/m-rel-w64-00000000000000000000/build/src/ipc/chromium/src/chrome/common/ipc_channel_win.cc, line 346

###!!! [Child][MessageChannel::SendAndWait] Error: Channel error: cannot send/recv

Unable to read VR Path Registry from C:\Users\Marzenka\AppData\Local\openvr\openvrpaths.vrpath

Build info: version: &apos;2.53.0&apos;, revision: &apos;35ae25b&apos;, time: &apos;2016-03-15 16:57:40&apos;
System info: host: &apos;Marzenka-PC&apos;, ip: &apos;192.168.1.4&apos;, os.name: &apos;Windows 8.1&apos;, os.arch: &apos;amd64&apos;, os.version: &apos;6.3&apos;, java.version: &apos;1.8.0_91&apos;
Driver info: driver.version: FirefoxDriver
	at org.openqa.selenium.firefox.internal.NewProfileExtensionConnection.start(NewProfileExtensionConnection.java:124)
	at org.openqa.selenium.firefox.FirefoxDriver.startClient(FirefoxDriver.java:271)
	at org.openqa.selenium.remote.RemoteWebDriver.&lt;init&gt;(RemoteWebDriver.java:119)
	at org.openqa.selenium.firefox.FirefoxDriver.&lt;init&gt;(FirefoxDriver.java:218)
	at org.openqa.selenium.firefox.FirefoxDriver.&lt;init&gt;(FirefoxDriver.java:211)
	at org.openqa.selenium.firefox.FirefoxDriver.&lt;init&gt;(FirefoxDriver.java:129)
	at Helion4.HelionTest4.beforMethod(HelionTest4.java:70)
Caused by: org.openqa.selenium.firefox.NotConnectedException: Unable to connect to host 127.0.0.1 on port 7055 after 45000 ms. Firefox console output:
ystem-defaults
1504468581767	addons.xpi	DEBUG	Existing add-on firefox@getpocket.com in app-system-defaults
1504468581767	addons.xpi	DEBUG	Existing add-on followonsearch@mozilla.com in app-system-defaults
1504468581768	addons.xpi	DEBUG	Existing add-on screenshots@mozilla.org in app-system-defaults
1504468581768	addons.xpi	DEBUG	Existing add-on shield-recipe-client@mozilla.org in app-system-defaults
1504468581768	addons.xpi	DEBUG	Existing add-on webcompat@mozilla.org in app-system-defaults
1504468581769	addons.xpi	INFO	Mapping {972ce4c6-7e08-4474-a285-3208198ce6fd} to C:\Program Files\Mozilla Firefox\browser\extensions\{972ce4c6-7e08-4474-a285-3208198ce6fd}.xpi
1504468581769	addons.xpi	DEBUG	Existing add-on {972ce4c6-7e08-4474-a285-3208198ce6fd} in app-global
1504468581769	addons.xpi	DEBUG	getInstallState changed: false, state: {}
1504468582156	addons.productaddons	INFO	sending request to: https://aus5.mozilla.org/update/3/GMP/55.0.3/20170824053622/WINNT_x86_64-msvc-x64/pl/release/Windows_NT%206.3.0.0%20(x64)/default/default/update.xml
1504468583663	addons.productaddons	INFO	Completed downloading document
1504468583946	addons.productaddons	INFO	downloadXHR File download. status=200
1504468583951	addons.productaddons	INFO	Downloaded file will be saved to C:\Users\Marzenka\AppData\Local\Temp\tmpaddon
1504468584995	addons.productaddons	INFO	downloadXHR File download. status=200
1504468585009	addons.productaddons	INFO	Downloaded file will be saved to C:\Users\Marzenka\AppData\Local\Temp\tmpaddon
1504468589591	addons.xpi	DEBUG	Calling bootstrap method shutdown on webcompat@mozilla.org version 1.1
1504468589591	addons.xpi	DEBUG	Calling bootstrap method shutdown on shield-recipe-client@mozilla.org version 55.1
1504468589596	addons.xpi	DEBUG	Calling bootstrap method shutdown on screenshots@mozilla.org version 10.12.0
1504468589598	addons.xpi	DEBUG	Calling bootstrap method shutdown on followonsearch@mozilla.com version 0.9.1
1504468589599	addons.xpi	DEBUG	Calling bootstrap method shutdown on firefox@getpocket.com version 1.0.5
1504468589600	addons.xpi	DEBUG	Calling bootstrap method shutdown on e10srollout@mozilla.org version 2.0
1504468589602	addons.xpi	DEBUG	Calling bootstrap method shutdown on clicktoplay-rollout@mozilla.org version 1.2
1504468589602	addons.xpi	DEBUG	Calling bootstrap method shutdown on aushelper@mozilla.org version 2.0
[GPU 6896] WARNING: pipe error: 109: file c:/builds/moz2_slave/m-rel-w64-00000000000000000000/build/src/ipc/chromium/src/chrome/common/ipc_channel_win.cc, line 346
[GPU 6896] WARNING: pipe error: 109: file c:/builds/moz2_slave/m-rel-w64-00000000000000000000/build/src/ipc/chromium/src/chrome/common/ipc_channel_win.cc, line 346
Unable to read VR Path Registry from C:\Users\Marzenka\AppData\Local\openvr\openvrpaths.vrpath
[Child 904] WARNING: pipe error: 109: file c:/builds/moz2_slave/m-rel-w64-00000000000000000000/build/src/ipc/chromium/src/chrome/common/ipc_channel_win.cc, line 346
1504468590137	addons.manager	DEBUG	shutdown
1504468590139	addons.manager	DEBUG	Calling shutdown blocker for XPIProvider
1504468590139	addons.xpi	DEBUG	shutdown
1504468590140	addons.xpi-utils	DEBUG	shutdown
1504468590141	addons.manager	DEBUG	Calling shutdown blocker for LightweightThemeManager
1504468590142	addons.manager	DEBUG	Calling shutdown blocker for GMPProvider
1504468590144	addons.manager	DEBUG	Calling shutdown blocker for PluginProvider
1504468590145	addons.manager	DEBUG	Calling shutdown blocker for PreviousExperimentProvider
1504468590146	addons.manager	DEBUG	Calling shutdown blocker for &lt;unnamed-provider&gt;
1504468590151	addons.xpi	DEBUG	Notifying XPI shutdown observers
1504468590161	addons.manager	DEBUG	Async provider shutdown done
[GPU 6896] WARNING: pipe error: 109: file c:/builds/moz2_slave/m-rel-w64-00000000000000000000/build/src/ipc/chromium/src/chrome/common/ipc_channel_win.cc, line 346

###!!! [Child][MessageChannel::SendAndWait] Error: Channel error: cannot send/recv

Unable to read VR Path Registry from C:\Users\Marzenka\AppData\Local\openvr\openvrpaths.vrpath

	at org.openqa.selenium.firefox.internal.NewProfileExtensionConnection.start(NewProfileExtensionConnection.java:112)
	... 32 more
... Removed 26 stack frames</pre></div><a href='#' onClick='toggleBox("stack-trace75470648", this, "Click to show all stack frames", "Click to hide stack frames")'>Click to show all stack frames</a>
<div class='stack-trace' id='stack-trace75470648'><pre>org.openqa.selenium.WebDriverException: Failed to connect to binary FirefoxBinary(C:\Program Files\Mozilla Firefox\firefox.exe) on port 7055; process output follows: 
ystem-defaults
1504468581767	addons.xpi	DEBUG	Existing add-on firefox@getpocket.com in app-system-defaults
1504468581767	addons.xpi	DEBUG	Existing add-on followonsearch@mozilla.com in app-system-defaults
1504468581768	addons.xpi	DEBUG	Existing add-on screenshots@mozilla.org in app-system-defaults
1504468581768	addons.xpi	DEBUG	Existing add-on shield-recipe-client@mozilla.org in app-system-defaults
1504468581768	addons.xpi	DEBUG	Existing add-on webcompat@mozilla.org in app-system-defaults
1504468581769	addons.xpi	INFO	Mapping {972ce4c6-7e08-4474-a285-3208198ce6fd} to C:\Program Files\Mozilla Firefox\browser\extensions\{972ce4c6-7e08-4474-a285-3208198ce6fd}.xpi
1504468581769	addons.xpi	DEBUG	Existing add-on {972ce4c6-7e08-4474-a285-3208198ce6fd} in app-global
1504468581769	addons.xpi	DEBUG	getInstallState changed: false, state: {}
1504468582156	addons.productaddons	INFO	sending request to: https://aus5.mozilla.org/update/3/GMP/55.0.3/20170824053622/WINNT_x86_64-msvc-x64/pl/release/Windows_NT%206.3.0.0%20(x64)/default/default/update.xml
1504468583663	addons.productaddons	INFO	Completed downloading document
1504468583946	addons.productaddons	INFO	downloadXHR File download. status=200
1504468583951	addons.productaddons	INFO	Downloaded file will be saved to C:\Users\Marzenka\AppData\Local\Temp\tmpaddon
1504468584995	addons.productaddons	INFO	downloadXHR File download. status=200
1504468585009	addons.productaddons	INFO	Downloaded file will be saved to C:\Users\Marzenka\AppData\Local\Temp\tmpaddon
1504468589591	addons.xpi	DEBUG	Calling bootstrap method shutdown on webcompat@mozilla.org version 1.1
1504468589591	addons.xpi	DEBUG	Calling bootstrap method shutdown on shield-recipe-client@mozilla.org version 55.1
1504468589596	addons.xpi	DEBUG	Calling bootstrap method shutdown on screenshots@mozilla.org version 10.12.0
1504468589598	addons.xpi	DEBUG	Calling bootstrap method shutdown on followonsearch@mozilla.com version 0.9.1
1504468589599	addons.xpi	DEBUG	Calling bootstrap method shutdown on firefox@getpocket.com version 1.0.5
1504468589600	addons.xpi	DEBUG	Calling bootstrap method shutdown on e10srollout@mozilla.org version 2.0
1504468589602	addons.xpi	DEBUG	Calling bootstrap method shutdown on clicktoplay-rollout@mozilla.org version 1.2
1504468589602	addons.xpi	DEBUG	Calling bootstrap method shutdown on aushelper@mozilla.org version 2.0
[GPU 6896] WARNING: pipe error: 109: file c:/builds/moz2_slave/m-rel-w64-00000000000000000000/build/src/ipc/chromium/src/chrome/common/ipc_channel_win.cc, line 346
[GPU 6896] WARNING: pipe error: 109: file c:/builds/moz2_slave/m-rel-w64-00000000000000000000/build/src/ipc/chromium/src/chrome/common/ipc_channel_win.cc, line 346
Unable to read VR Path Registry from C:\Users\Marzenka\AppData\Local\openvr\openvrpaths.vrpath
[Child 904] WARNING: pipe error: 109: file c:/builds/moz2_slave/m-rel-w64-00000000000000000000/build/src/ipc/chromium/src/chrome/common/ipc_channel_win.cc, line 346
1504468590137	addons.manager	DEBUG	shutdown
1504468590139	addons.manager	DEBUG	Calling shutdown blocker for XPIProvider
1504468590139	addons.xpi	DEBUG	shutdown
1504468590140	addons.xpi-utils	DEBUG	shutdown
1504468590141	addons.manager	DEBUG	Calling shutdown blocker for LightweightThemeManager
1504468590142	addons.manager	DEBUG	Calling shutdown blocker for GMPProvider
1504468590144	addons.manager	DEBUG	Calling shutdown blocker for PluginProvider
1504468590145	addons.manager	DEBUG	Calling shutdown blocker for PreviousExperimentProvider
1504468590146	addons.manager	DEBUG	Calling shutdown blocker for &lt;unnamed-provider&gt;
1504468590151	addons.xpi	DEBUG	Notifying XPI shutdown observers
1504468590161	addons.manager	DEBUG	Async provider shutdown done
[GPU 6896] WARNING: pipe error: 109: file c:/builds/moz2_slave/m-rel-w64-00000000000000000000/build/src/ipc/chromium/src/chrome/common/ipc_channel_win.cc, line 346

###!!! [Child][MessageChannel::SendAndWait] Error: Channel error: cannot send/recv

Unable to read VR Path Registry from C:\Users\Marzenka\AppData\Local\openvr\openvrpaths.vrpath

Build info: version: &apos;2.53.0&apos;, revision: &apos;35ae25b&apos;, time: &apos;2016-03-15 16:57:40&apos;
System info: host: &apos;Marzenka-PC&apos;, ip: &apos;192.168.1.4&apos;, os.name: &apos;Windows 8.1&apos;, os.arch: &apos;amd64&apos;, os.version: &apos;6.3&apos;, java.version: &apos;1.8.0_91&apos;
Driver info: driver.version: FirefoxDriver
	at org.openqa.selenium.firefox.internal.NewProfileExtensionConnection.start(NewProfileExtensionConnection.java:124)
	at org.openqa.selenium.firefox.FirefoxDriver.startClient(FirefoxDriver.java:271)
	at org.openqa.selenium.remote.RemoteWebDriver.&lt;init&gt;(RemoteWebDriver.java:119)
	at org.openqa.selenium.firefox.FirefoxDriver.&lt;init&gt;(FirefoxDriver.java:218)
	at org.openqa.selenium.firefox.FirefoxDriver.&lt;init&gt;(FirefoxDriver.java:211)
	at org.openqa.selenium.firefox.FirefoxDriver.&lt;init&gt;(FirefoxDriver.java:129)
	at Helion4.HelionTest4.beforMethod(HelionTest4.java:70)
	at sun.reflect.NativeMethodAccessorImpl.invoke0(Native Method)
	at sun.reflect.NativeMethodAccessorImpl.invoke(NativeMethodAccessorImpl.java:62)
	at sun.reflect.DelegatingMethodAccessorImpl.invoke(DelegatingMethodAccessorImpl.java:43)
	at java.lang.reflect.Method.invoke(Method.java:498)
	at org.testng.internal.MethodInvocationHelper.invokeMethod(MethodInvocationHelper.java:85)
	at org.testng.internal.Invoker.invokeConfigurationMethod(Invoker.java:510)
	at org.testng.internal.Invoker.invokeConfigurations(Invoker.java:211)
	at org.testng.internal.Invoker.invokeMethod(Invoker.java:585)
	at org.testng.internal.Invoker.invokeTestMethod(Invoker.java:816)
	at org.testng.internal.Invoker.invokeTestMethods(Invoker.java:1124)
	at org.testng.internal.TestMethodWorker.invokeTestMethods(TestMethodWorker.java:125)
	at org.testng.internal.TestMethodWorker.run(TestMethodWorker.java:108)
	at org.testng.TestRunner.privateRun(TestRunner.java:774)
	at org.testng.TestRunner.run(TestRunner.java:624)
	at org.testng.SuiteRunner.runTest(SuiteRunner.java:359)
	at org.testng.SuiteRunner.runSequentially(SuiteRunner.java:354)
	at org.testng.SuiteRunner.privateRun(SuiteRunner.java:312)
	at org.testng.SuiteRunner.run(SuiteRunner.java:261)
	at org.testng.SuiteRunnerWorker.runSuite(SuiteRunnerWorker.java:52)
	at org.testng.SuiteRunnerWorker.run(SuiteRunnerWorker.java:86)
	at org.testng.TestNG.runSuitesSequentially(TestNG.java:1215)
	at org.testng.TestNG.runSuitesLocally(TestNG.java:1140)
	at org.testng.TestNG.run(TestNG.java:1048)
	at org.testng.remote.AbstractRemoteTestNG.run(AbstractRemoteTestNG.java:132)
	at org.testng.remote.RemoteTestNG.initAndRun(RemoteTestNG.java:230)
	at org.testng.remote.RemoteTestNG.main(RemoteTestNG.java:76)
Caused by: org.openqa.selenium.firefox.NotConnectedException: Unable to connect to host 127.0.0.1 on port 7055 after 45000 ms. Firefox console output:
ystem-defaults
1504468581767	addons.xpi	DEBUG	Existing add-on firefox@getpocket.com in app-system-defaults
1504468581767	addons.xpi	DEBUG	Existing add-on followonsearch@mozilla.com in app-system-defaults
1504468581768	addons.xpi	DEBUG	Existing add-on screenshots@mozilla.org in app-system-defaults
1504468581768	addons.xpi	DEBUG	Existing add-on shield-recipe-client@mozilla.org in app-system-defaults
1504468581768	addons.xpi	DEBUG	Existing add-on webcompat@mozilla.org in app-system-defaults
1504468581769	addons.xpi	INFO	Mapping {972ce4c6-7e08-4474-a285-3208198ce6fd} to C:\Program Files\Mozilla Firefox\browser\extensions\{972ce4c6-7e08-4474-a285-3208198ce6fd}.xpi
1504468581769	addons.xpi	DEBUG	Existing add-on {972ce4c6-7e08-4474-a285-3208198ce6fd} in app-global
1504468581769	addons.xpi	DEBUG	getInstallState changed: false, state: {}
1504468582156	addons.productaddons	INFO	sending request to: https://aus5.mozilla.org/update/3/GMP/55.0.3/20170824053622/WINNT_x86_64-msvc-x64/pl/release/Windows_NT%206.3.0.0%20(x64)/default/default/update.xml
1504468583663	addons.productaddons	INFO	Completed downloading document
1504468583946	addons.productaddons	INFO	downloadXHR File download. status=200
1504468583951	addons.productaddons	INFO	Downloaded file will be saved to C:\Users\Marzenka\AppData\Local\Temp\tmpaddon
1504468584995	addons.productaddons	INFO	downloadXHR File download. status=200
1504468585009	addons.productaddons	INFO	Downloaded file will be saved to C:\Users\Marzenka\AppData\Local\Temp\tmpaddon
1504468589591	addons.xpi	DEBUG	Calling bootstrap method shutdown on webcompat@mozilla.org version 1.1
1504468589591	addons.xpi	DEBUG	Calling bootstrap method shutdown on shield-recipe-client@mozilla.org version 55.1
1504468589596	addons.xpi	DEBUG	Calling bootstrap method shutdown on screenshots@mozilla.org version 10.12.0
1504468589598	addons.xpi	DEBUG	Calling bootstrap method shutdown on followonsearch@mozilla.com version 0.9.1
1504468589599	addons.xpi	DEBUG	Calling bootstrap method shutdown on firefox@getpocket.com version 1.0.5
1504468589600	addons.xpi	DEBUG	Calling bootstrap method shutdown on e10srollout@mozilla.org version 2.0
1504468589602	addons.xpi	DEBUG	Calling bootstrap method shutdown on clicktoplay-rollout@mozilla.org version 1.2
1504468589602	addons.xpi	DEBUG	Calling bootstrap method shutdown on aushelper@mozilla.org version 2.0
[GPU 6896] WARNING: pipe error: 109: file c:/builds/moz2_slave/m-rel-w64-00000000000000000000/build/src/ipc/chromium/src/chrome/common/ipc_channel_win.cc, line 346
[GPU 6896] WARNING: pipe error: 109: file c:/builds/moz2_slave/m-rel-w64-00000000000000000000/build/src/ipc/chromium/src/chrome/common/ipc_channel_win.cc, line 346
Unable to read VR Path Registry from C:\Users\Marzenka\AppData\Local\openvr\openvrpaths.vrpath
[Child 904] WARNING: pipe error: 109: file c:/builds/moz2_slave/m-rel-w64-00000000000000000000/build/src/ipc/chromium/src/chrome/common/ipc_channel_win.cc, line 346
1504468590137	addons.manager	DEBUG	shutdown
1504468590139	addons.manager	DEBUG	Calling shutdown blocker for XPIProvider
1504468590139	addons.xpi	DEBUG	shutdown
1504468590140	addons.xpi-utils	DEBUG	shutdown
1504468590141	addons.manager	DEBUG	Calling shutdown blocker for LightweightThemeManager
1504468590142	addons.manager	DEBUG	Calling shutdown blocker for GMPProvider
1504468590144	addons.manager	DEBUG	Calling shutdown blocker for PluginProvider
1504468590145	addons.manager	DEBUG	Calling shutdown blocker for PreviousExperimentProvider
1504468590146	addons.manager	DEBUG	Calling shutdown blocker for &lt;unnamed-provider&gt;
1504468590151	addons.xpi	DEBUG	Notifying XPI shutdown observers
1504468590161	addons.manager	DEBUG	Async provider shutdown done
[GPU 6896] WARNING: pipe error: 109: file c:/builds/moz2_slave/m-rel-w64-00000000000000000000/build/src/ipc/chromium/src/chrome/common/ipc_channel_win.cc, line 346

###!!! [Child][MessageChannel::SendAndWait] Error: Channel error: cannot send/recv

Unable to read VR Path Registry from C:\Users\Marzenka\AppData\Local\openvr\openvrpaths.vrpath

	at org.openqa.selenium.firefox.internal.NewProfileExtensionConnection.start(NewProfileExtensionConnection.java:112)
	... 32 more
</pre></div></td>
<td>0</td>
<td>Helion4.HelionTest4@42dafa95</td></tr>
</table><p>
<table width='100%' border='1' class='invocation-skipped'>
<tr><td colspan='4' align='center'><b>SKIPPED CONFIGURATIONS</b></td></tr>
<tr><td><b>Test method</b></td>
<td width="30%"><b>Exception</b></td>
<td width="10%"><b>Time (seconds)</b></td>
<td><b>Instance</b></td>
</tr>
<tr>
<td title='Helion4.HelionTest4.beforMethod()'><b>beforMethod</b><br>Test class: Helion4.HelionTest4</td>
<td></td>
<td>0</td>
<td>Helion4.HelionTest4@42dafa95</td></tr>
<tr>
<td title='Helion4.HelionTest4.beforMethod()'><b>beforMethod</b><br>Test class: Helion4.HelionTest4</td>
<td></td>
<td>0</td>
<td>Helion4.HelionTest4@42dafa95</td></tr>
<tr>
<td title='Helion4.HelionTest4.beforMethod()'><b>beforMethod</b><br>Test class: Helion4.HelionTest4</td>
<td></td>
<td>0</td>
<td>Helion4.HelionTest4@42dafa95</td></tr>
<tr>
<td title='Helion4.HelionTest4.beforMethod()'><b>beforMethod</b><br>Test class: Helion4.HelionTest4</td>
<td></td>
<td>0</td>
<td>Helion4.HelionTest4@42dafa95</td></tr>
<tr>
<td title='Helion4.HelionTest4.beforMethod()'><b>beforMethod</b><br>Test class: Helion4.HelionTest4</td>
<td></td>
<td>0</td>
<td>Helion4.HelionTest4@42dafa95</td></tr>
<tr>
<td title='Helion4.HelionTest4.beforMethod()'><b>beforMethod</b><br>Test class: Helion4.HelionTest4</td>
<td></td>
<td>0</td>
<td>Helion4.HelionTest4@42dafa95</td></tr>
<tr>
<td title='Helion4.HelionTest4.beforMethod()'><b>beforMethod</b><br>Test class: Helion4.HelionTest4</td>
<td></td>
<td>0</td>
<td>Helion4.HelionTest4@42dafa95</td></tr>
<tr>
<td title='Helion4.HelionTest4.beforMethod()'><b>beforMethod</b><br>Test class: Helion4.HelionTest4</td>
<td></td>
<td>0</td>
<td>Helion4.HelionTest4@42dafa95</td></tr>
<tr>
<td title='Helion4.HelionTest4.afterMethod()'><b>afterMethod</b><br>Test class: Helion4.HelionTest4</td>
<td></td>
<td>0</td>
<td>Helion4.HelionTest4@42dafa95</td></tr>
<tr>
<td title='Helion4.HelionTest4.afterMethod()'><b>afterMethod</b><br>Test class: Helion4.HelionTest4</td>
<td></td>
<td>0</td>
<td>Helion4.HelionTest4@42dafa95</td></tr>
<tr>
<td title='Helion4.HelionTest4.afterMethod()'><b>afterMethod</b><br>Test class: Helion4.HelionTest4</td>
<td></td>
<td>0</td>
<td>Helion4.HelionTest4@42dafa95</td></tr>
<tr>
<td title='Helion4.HelionTest4.afterMethod()'><b>afterMethod</b><br>Test class: Helion4.HelionTest4</td>
<td></td>
<td>0</td>
<td>Helion4.HelionTest4@42dafa95</td></tr>
<tr>
<td title='Helion4.HelionTest4.afterMethod()'><b>afterMethod</b><br>Test class: Helion4.HelionTest4</td>
<td></td>
<td>0</td>
<td>Helion4.HelionTest4@42dafa95</td></tr>
<tr>
<td title='Helion4.HelionTest4.afterMethod()'><b>afterMethod</b><br>Test class: Helion4.HelionTest4</td>
<td></td>
<td>0</td>
<td>Helion4.HelionTest4@42dafa95</td></tr>
<tr>
<td title='Helion4.HelionTest4.afterMethod()'><b>afterMethod</b><br>Test class: Helion4.HelionTest4</td>
<td></td>
<td>0</td>
<td>Helion4.HelionTest4@42dafa95</td></tr>
<tr>
<td title='Helion4.HelionTest4.afterMethod()'><b>afterMethod</b><br>Test class: Helion4.HelionTest4</td>
<td></td>
<td>0</td>
<td>Helion4.HelionTest4@42dafa95</td></tr>
<tr>
<td title='Helion4.HelionTest4.afterMethod()'><b>afterMethod</b><br>Test class: Helion4.HelionTest4</td>
<td></td>
<td>0</td>
<td>Helion4.HelionTest4@42dafa95</td></tr>
</table><p>
<table width='100%' border='1' class='invocation-skipped'>
<tr><td colspan='4' align='center'><b>SKIPPED TESTS</b></td></tr>
<tr><td><b>Test method</b></td>
<td width="30%"><b>Exception</b></td>
<td width="10%"><b>Time (seconds)</b></td>
<td><b>Instance</b></td>
</tr>
<tr>
<td title='Helion4.HelionTest4._logInPage()'><b>_logInPage</b><br>Test class: Helion4.HelionTest4</td>
<td><div><pre>org.testng.TestNGException: 
Parameter &apos;user&apos; is required by @Test on method _logInPage but has not been marked @Optional or defined
in C:\Users\Marzenka\workspaceselenium\HelionTestProject\browser.xml
... Removed 22 stack frames</pre></div><a href='#' onClick='toggleBox("stack-trace1916575798", this, "Click to show all stack frames", "Click to hide stack frames")'>Click to show all stack frames</a>
<div class='stack-trace' id='stack-trace1916575798'><pre>org.testng.TestNGException: 
Parameter &apos;user&apos; is required by @Test on method _logInPage but has not been marked @Optional or defined
in C:\Users\Marzenka\workspaceselenium\HelionTestProject\browser.xml
	at org.testng.internal.Parameters.createParameters(Parameters.java:154)
	at org.testng.internal.Parameters.createParameters(Parameters.java:361)
	at org.testng.internal.Parameters.handleParameters(Parameters.java:451)
	at org.testng.internal.Invoker.handleParameters(Invoker.java:1270)
	at org.testng.internal.Invoker.createParameters(Invoker.java:985)
	at org.testng.internal.Invoker.invokeTestMethods(Invoker.java:1075)
	at org.testng.internal.TestMethodWorker.invokeTestMethods(TestMethodWorker.java:125)
	at org.testng.internal.TestMethodWorker.run(TestMethodWorker.java:108)
	at org.testng.TestRunner.privateRun(TestRunner.java:774)
	at org.testng.TestRunner.run(TestRunner.java:624)
	at org.testng.SuiteRunner.runTest(SuiteRunner.java:359)
	at org.testng.SuiteRunner.runSequentially(SuiteRunner.java:354)
	at org.testng.SuiteRunner.privateRun(SuiteRunner.java:312)
	at org.testng.SuiteRunner.run(SuiteRunner.java:261)
	at org.testng.SuiteRunnerWorker.runSuite(SuiteRunnerWorker.java:52)
	at org.testng.SuiteRunnerWorker.run(SuiteRunnerWorker.java:86)
	at org.testng.TestNG.runSuitesSequentially(TestNG.java:1215)
	at org.testng.TestNG.runSuitesLocally(TestNG.java:1140)
	at org.testng.TestNG.run(TestNG.java:1048)
	at org.testng.remote.AbstractRemoteTestNG.run(AbstractRemoteTestNG.java:132)
	at org.testng.remote.RemoteTestNG.initAndRun(RemoteTestNG.java:230)
	at org.testng.remote.RemoteTestNG.main(RemoteTestNG.java:76)
</pre></div></td>
<td>0</td>
<td>Helion4.HelionTest4@42dafa95</td></tr>
<tr>
<td title='Helion4.HelionTest4.addCookie()'><b>addCookie</b><br>Test class: Helion4.HelionTest4</td>
<td></td>
<td>0</td>
<td>Helion4.HelionTest4@42dafa95</td></tr>
<tr>
<td title='Helion4.HelionTest4.deleteCookie()'><b>deleteCookie</b><br>Test class: Helion4.HelionTest4</td>
<td></td>
<td>0</td>
<td>Helion4.HelionTest4@42dafa95</td></tr>
<tr>
<td title='Helion4.HelionTest4.extrctCookie()'><b>extrctCookie</b><br>Test class: Helion4.HelionTest4</td>
<td></td>
<td>0</td>
<td>Helion4.HelionTest4@42dafa95</td></tr>
<tr>
<td title='Helion4.HelionTest4.findAllLinks()'><b>findAllLinks</b><br>Test class: Helion4.HelionTest4</td>
<td></td>
<td>0</td>
<td>Helion4.HelionTest4@42dafa95</td></tr>
<tr>
<td title='Helion4.HelionTest4.findBrokenLinks()'><b>findBrokenLinks</b><br>Test class: Helion4.HelionTest4</td>
<td></td>
<td>0</td>
<td>Helion4.HelionTest4@42dafa95</td></tr>
<tr>
<td title='Helion4.HelionTest4.iconSocialActive()'><b>iconSocialActive</b><br>Test class: Helion4.HelionTest4</td>
<td></td>
<td>0</td>
<td>Helion4.HelionTest4@42dafa95</td></tr>
<tr>
<td title='Helion4.HelionTest4.printPageErrors()'><b>printPageErrors</b><br>Test class: Helion4.HelionTest4</td>
<td></td>
<td>0</td>
<td>Helion4.HelionTest4@42dafa95</td></tr>
<tr>
<td title='Helion4.HelionTest4.scrollPage()'><b>scrollPage</b><br>Test class: Helion4.HelionTest4</td>
<td></td>
<td>0</td>
<td>Helion4.HelionTest4@42dafa95</td></tr>
<tr>
<td title='Helion4.HelionTest4.scroll_PageStstus()'><b>scroll_PageStstus</b><br>Test class: Helion4.HelionTest4</td>
<td></td>
<td>0</td>
<td>Helion4.HelionTest4@42dafa95</td></tr>
</table><p>
</body>
</html>